<?xml version="1.0" encoding="UTF-8"?>
<!-- Generated by org.testng.reporters.JUnitXMLReporter -->
<testsuite ignored="11" hostname="Rikmateriya" failures="1" tests="1" name="Test12" time="53.972" errors="0" timestamp="2023-09-04T14:35:49 IST">
  <testcase classname="Testcases.TC02" name="verify_adressdetails" time="47.722">
    <failure type="org.openqa.selenium.NoSuchElementException" message="no such element: Unable to locate element: {&amp;quot;method&amp;quot;:&amp;quot;css selector&amp;quot;,&amp;quot;selector&amp;quot;:&amp;quot;#region_ids&amp;quot;}
  (Session info: chrome=116.0.5845.141)
For documentation on this error, please visit: https://www.selenium.dev/documentation/webdriver/troubleshooting/errors#no-such-element-exception
Build info: version: &amp;apos;4.11.0&amp;apos;, revision: &amp;apos;040bc5406b&amp;apos;
System info: os.name: &amp;apos;Windows 11&amp;apos;, os.arch: &amp;apos;amd64&amp;apos;, os.version: &amp;apos;10.0&amp;apos;, java.version: &amp;apos;17.0.8&amp;apos;
Driver info: org.openqa.selenium.chrome.ChromeDriver
Command: [885b6cc8008d80531732808458c87a1b, findElement {using=id, value=region_ids}]
Capabilities {acceptInsecureCerts: false, browserName: chrome, browserVersion: 116.0.5845.141, chrome: {chromedriverVersion: 116.0.5845.96 (1a3918166880..., userDataDir: C:\Users\teriy\AppData\Loca...}, fedcm:accounts: true, goog:chromeOptions: {debuggerAddress: localhost:59781}, networkConnectionEnabled: false, pageLoadStrategy: normal, platformName: windows, proxy: Proxy(), se:cdp: ws://localhost:59781/devtoo..., se:cdpVersion: 116.0.5845.141, setWindowRect: true, strictFileInteractability: false, timeouts: {implicit: 0, pageLoad: 300000, script: 30000}, unhandledPromptBehavior: dismiss and notify, webauthn:extension:credBlob: true, webauthn:extension:largeBlob: true, webauthn:extension:minPinLength: true, webauthn:extension:prf: true, webauthn:virtualAuthenticators: true}
Session ID: 885b6cc8008d80531732808458c87a1b">
      <![CDATA[org.openqa.selenium.NoSuchElementException: no such element: Unable to locate element: {"method":"css selector","selector":"#region_ids"}
  (Session info: chrome=116.0.5845.141)
For documentation on this error, please visit: https://www.selenium.dev/documentation/webdriver/troubleshooting/errors#no-such-element-exception
Build info: version: '4.11.0', revision: '040bc5406b'
System info: os.name: 'Windows 11', os.arch: 'amd64', os.version: '10.0', java.version: '17.0.8'
Driver info: org.openqa.selenium.chrome.ChromeDriver
Command: [885b6cc8008d80531732808458c87a1b, findElement {using=id, value=region_ids}]
Capabilities {acceptInsecureCerts: false, browserName: chrome, browserVersion: 116.0.5845.141, chrome: {chromedriverVersion: 116.0.5845.96 (1a3918166880..., userDataDir: C:\Users\teriy\AppData\Loca...}, fedcm:accounts: true, goog:chromeOptions: {debuggerAddress: localhost:59781}, networkConnectionEnabled: false, pageLoadStrategy: normal, platformName: windows, proxy: Proxy(), se:cdp: ws://localhost:59781/devtoo..., se:cdpVersion: 116.0.5845.141, setWindowRect: true, strictFileInteractability: false, timeouts: {implicit: 0, pageLoad: 300000, script: 30000}, unhandledPromptBehavior: dismiss and notify, webauthn:extension:credBlob: true, webauthn:extension:largeBlob: true, webauthn:extension:minPinLength: true, webauthn:extension:prf: true, webauthn:virtualAuthenticators: true}
Session ID: 885b6cc8008d80531732808458c87a1b
at org.openqa.selenium.remote.codec.w3c.W3CHttpResponseCodec.createException(W3CHttpResponseCodec.java:200)
at org.openqa.selenium.remote.codec.w3c.W3CHttpResponseCodec.decode(W3CHttpResponseCodec.java:133)
at org.openqa.selenium.remote.codec.w3c.W3CHttpResponseCodec.decode(W3CHttpResponseCodec.java:52)
at org.openqa.selenium.remote.HttpCommandExecutor.execute(HttpCommandExecutor.java:191)
at org.openqa.selenium.remote.service.DriverCommandExecutor.invokeExecute(DriverCommandExecutor.java:196)
at org.openqa.selenium.remote.service.DriverCommandExecutor.execute(DriverCommandExecutor.java:171)
at org.openqa.selenium.remote.RemoteWebDriver.execute(RemoteWebDriver.java:518)
at org.openqa.selenium.remote.ElementLocation$ElementFinder$2.findElement(ElementLocation.java:165)
at org.openqa.selenium.remote.ElementLocation.findElement(ElementLocation.java:59)
at org.openqa.selenium.remote.RemoteWebDriver.findElement(RemoteWebDriver.java:355)
at org.openqa.selenium.remote.RemoteWebDriver.findElement(RemoteWebDriver.java:349)
at org.openqa.selenium.support.pagefactory.DefaultElementLocator.findElement(DefaultElementLocator.java:68)
at org.openqa.selenium.support.pagefactory.internal.LocatingElementHandler.invoke(LocatingElementHandler.java:38)
at jdk.proxy2/jdk.proxy2.$Proxy19.sendKeys(Unknown Source)
at Pages.AdressDetailcheck.adressdetails(AdressDetailcheck.java:87)
at Testcases.TC02.verify_adressdetails(TC02.java:195)
at java.base/java.util.ArrayList.forEach(ArrayList.java:1511)
... Removed 32 stack frames]]>
    </failure>
  </testcase> <!-- verify_adressdetails -->
  <testcase classname="Testcases.TC02" name="verify_password_Change" time="0.0">
    <ignored/>
  </testcase> <!-- verify_password_Change -->
  <testcase classname="Testcases.TC02" name="verifyInvaliduser" time="0.0">
    <ignored/>
  </testcase> <!-- verifyInvaliduser -->
  <testcase classname="Testcases.TC02" name="verifyTitle" time="0.0">
    <ignored/>
  </testcase> <!-- verifyTitle -->
  <testcase classname="Testcases.TC02" name="verify_ss_of_Page" time="0.0">
    <ignored/>
  </testcase> <!-- verify_ss_of_Page -->
  <testcase classname="Testcases.TC02" name="Scrolling_All_Pages" time="0.0">
    <ignored/>
  </testcase> <!-- Scrolling_All_Pages -->
  <testcase classname="Testcases.TC02" name="verifyvaliduser" time="0.0">
    <ignored/>
  </testcase> <!-- verifyvaliduser -->
  <testcase classname="Testcases.TC02" name="verify_featurecheck" time="0.0">
    <ignored/>
  </testcase> <!-- verify_featurecheck -->
  <testcase classname="Testcases.TC02" name="verify_searchBox" time="0.0">
    <ignored/>
  </testcase> <!-- verify_searchBox -->
  <testcase classname="Testcases.TC02" name="verifymouseHover" time="0.0">
    <ignored/>
  </testcase> <!-- verifymouseHover -->
  <testcase classname="Testcases.TC02" name="verify_rating_check" time="0.0">
    <ignored/>
  </testcase> <!-- verify_rating_check -->
  <testcase classname="Testcases.TC02" name="verify_all_Links_available" time="0.0">
    <ignored/>
  </testcase> <!-- verify_all_Links_available -->
</testsuite> <!-- Test12 -->
